2020-05-26 18:30:13,773 [INFO] Activator:176 - 


2020-05-26 18:30:13,801 [INFO] Activator:177 - !SESSION log4j initialized
2020-05-26 18:30:55,410 [INFO] ApplicationProperties:181 - Using Application install path: C:\ST\STM32CubeIDE_1.2.0\STM32CubeIDE\plugins\com.st.stm32cube.common.mx_5.5.0.201912201511
2020-05-26 18:30:55,517 [INFO] DbMcusXml:69 - Set database path to: C:\ST\STM32CubeIDE_1.2.0\STM32CubeIDE\plugins\com.st.stm32cube.common.mx_5.5.0.201912201511\\db\/mcu/
2020-05-26 18:30:55,524 [INFO] DbBoardsPdsc:54 - Set plugin database path to: C:\ST\STM32CubeIDE_1.2.0\STM32CubeIDE\plugins\com.st.stm32cube.common.mx_5.5.0.201912201511\\db\/plugins/boardmanager/
2020-05-26 18:30:55,526 [INFO] DbMcus:264 - Set plugin images path to: C:\ST\STM32CubeIDE_1.2.0\STM32CubeIDE\plugins\com.st.stm32cube.common.mx_5.5.0.201912201511\\db\/plugins/mcufinder/images/
2020-05-26 18:30:55,526 [INFO] DbBoards:232 - Set plugin images path to: C:\ST\STM32CubeIDE_1.2.0\STM32CubeIDE\plugins\com.st.stm32cube.common.mx_5.5.0.201912201511\\db\/plugins/mcufinder/images/
2020-05-26 18:30:55,548 [INFO] APIGFXSelector:72 - Set database path to: C:\ST\STM32CubeIDE_1.2.0\STM32CubeIDE\plugins\com.st.stm32cube.common.mx_5.5.0.201912201511\\db\/plugins/mcufinder/mcu/
2020-05-26 18:30:55,812 [INFO] DbMcusAds:72 - Set database path to: C:\Users\Carles\.stmcufinder\plugins\mcufinder//mcu/
2020-05-26 18:30:55,813 [INFO] DbMcusDocs:92 - Set database path to: C:\Users\Carles\.stmcufinder\plugins\mcufinder//mcu/
2020-05-26 18:30:55,816 [INFO] DbMcusJson:59 - Set database path to: C:\Users\Carles\.stmcufinder\plugins\mcufinder//mcu/
2020-05-26 18:30:55,817 [INFO] DbBoardsDocs:84 - Set database path to: C:\Users\Carles\.stmcufinder\plugins\mcufinder//mcu/
2020-05-26 18:30:55,819 [INFO] DbBoardsJson:51 - Set database path to: C:\Users\Carles\.stmcufinder\plugins\mcufinder//mcu/
2020-05-26 18:30:55,929 [INFO] CrossReferenceDbSqlite:197 - Set database path to: C:\Users\Carles\.stmcufinder\plugins\mcufinder//mcu/cs/
2020-05-26 18:30:56,438 [INFO] RulesReader:52 - Compatibility file has been processed (205 Rules)
2020-05-26 18:30:56,838 [INFO] MicroXplorer:570 - Detected Java Version = 1.8.0_202
2020-05-26 18:30:56,838 [INFO] DbMcusXml:69 - Set database path to: C:\ST\STM32CubeIDE_1.2.0\STM32CubeIDE\plugins\com.st.stm32cube.common.mx_5.5.0.201912201511\\db\/mcu/
2020-05-26 18:30:56,839 [INFO] DbBoardsPdsc:54 - Set plugin database path to: C:\ST\STM32CubeIDE_1.2.0\STM32CubeIDE\plugins\com.st.stm32cube.common.mx_5.5.0.201912201511\\db\/plugins/boardmanager/
2020-05-26 18:30:56,841 [INFO] DbMcus:264 - Set plugin images path to: C:\ST\STM32CubeIDE_1.2.0\STM32CubeIDE\plugins\com.st.stm32cube.common.mx_5.5.0.201912201511\\db\/plugins/mcufinder/images/
2020-05-26 18:30:56,841 [INFO] DbBoards:232 - Set plugin images path to: C:\ST\STM32CubeIDE_1.2.0\STM32CubeIDE\plugins\com.st.stm32cube.common.mx_5.5.0.201912201511\\db\/plugins/mcufinder/images/
2020-05-26 18:30:56,841 [INFO] APIGFXSelector:72 - Set database path to: C:\ST\STM32CubeIDE_1.2.0\STM32CubeIDE\plugins\com.st.stm32cube.common.mx_5.5.0.201912201511\\db\/plugins/mcufinder/mcu/
2020-05-26 18:30:56,842 [WARN] DbFile:31 - Overriding database path with different value: C:\Users\Carles\.stmcufinder\plugins\mcufinder/ => C:\Users\Carles\.stmcufinder\plugins\mcufinder
2020-05-26 18:30:56,842 [INFO] DbMcusAds:72 - Set database path to: C:\Users\Carles\.stmcufinder\plugins\mcufinder//mcu/
2020-05-26 18:30:56,842 [WARN] DbFile:31 - Overriding database path with different value: C:\Users\Carles\.stmcufinder\plugins\mcufinder/ => C:\Users\Carles\.stmcufinder\plugins\mcufinder
2020-05-26 18:30:56,843 [INFO] DbMcusDocs:92 - Set database path to: C:\Users\Carles\.stmcufinder\plugins\mcufinder//mcu/
2020-05-26 18:30:56,843 [WARN] DbFile:31 - Overriding database path with different value: C:\Users\Carles\.stmcufinder\plugins\mcufinder/ => C:\Users\Carles\.stmcufinder\plugins\mcufinder
2020-05-26 18:30:56,843 [INFO] DbMcusJson:59 - Set database path to: C:\Users\Carles\.stmcufinder\plugins\mcufinder//mcu/
2020-05-26 18:30:56,844 [WARN] DbFile:31 - Overriding database path with different value: C:\Users\Carles\.stmcufinder\plugins\mcufinder/ => C:\Users\Carles\.stmcufinder\plugins\mcufinder
2020-05-26 18:30:56,844 [INFO] DbBoardsDocs:84 - Set database path to: C:\Users\Carles\.stmcufinder\plugins\mcufinder//mcu/
2020-05-26 18:30:56,844 [WARN] DbFile:31 - Overriding database path with different value: C:\Users\Carles\.stmcufinder\plugins\mcufinder/ => C:\Users\Carles\.stmcufinder\plugins\mcufinder
2020-05-26 18:30:56,844 [INFO] DbBoardsJson:51 - Set database path to: C:\Users\Carles\.stmcufinder\plugins\mcufinder//mcu/
2020-05-26 18:30:56,844 [WARN] DbFile:31 - Overriding database path with different value: C:\Users\Carles\.stmcufinder\plugins\mcufinder/ => C:\Users\Carles\.stmcufinder\plugins\mcufinder
2020-05-26 18:30:56,845 [WARN] DbFile:31 - Overriding database path with different value: C:\Users\Carles\.stmcufinder\plugins\mcufinder/ => C:\Users\Carles\.stmcufinder\plugins\mcufinder
2020-05-26 18:30:56,845 [INFO] CrossReferenceDbSqlite:197 - Set database path to: C:\Users\Carles\.stmcufinder\plugins\mcufinder//mcu/cs/
2020-05-26 18:30:57,225 [INFO] MainPanel:180 - HeapMemory: 309329920
2020-05-26 18:30:57,907 [INFO] DbMcusXml:69 - Set database path to: C:\ST\STM32CubeIDE_1.2.0\STM32CubeIDE\plugins\com.st.stm32cube.common.mx_5.5.0.201912201511\\db\/mcu/
2020-05-26 18:30:57,908 [INFO] DbBoardsPdsc:54 - Set plugin database path to: C:\ST\STM32CubeIDE_1.2.0\STM32CubeIDE\plugins\com.st.stm32cube.common.mx_5.5.0.201912201511\\db\/plugins/boardmanager/
2020-05-26 18:30:57,908 [INFO] DbMcus:264 - Set plugin images path to: C:\ST\STM32CubeIDE_1.2.0\STM32CubeIDE\plugins\com.st.stm32cube.common.mx_5.5.0.201912201511\\db\/plugins/mcufinder/images/
2020-05-26 18:30:57,908 [INFO] DbBoards:232 - Set plugin images path to: C:\ST\STM32CubeIDE_1.2.0\STM32CubeIDE\plugins\com.st.stm32cube.common.mx_5.5.0.201912201511\\db\/plugins/mcufinder/images/
2020-05-26 18:30:57,909 [INFO] APIGFXSelector:72 - Set database path to: C:\ST\STM32CubeIDE_1.2.0\STM32CubeIDE\plugins\com.st.stm32cube.common.mx_5.5.0.201912201511\\db\/plugins/mcufinder/mcu/
2020-05-26 18:30:57,917 [WARN] DbFile:31 - Overriding database path with different value: C:\Users\Carles\.stmcufinder\plugins\mcufinder/ => C:\Users\Carles\.stmcufinder\plugins\mcufinder
2020-05-26 18:30:57,917 [INFO] DbMcusAds:72 - Set database path to: C:\Users\Carles\.stmcufinder\plugins\mcufinder//mcu/
2020-05-26 18:30:57,917 [WARN] DbFile:31 - Overriding database path with different value: C:\Users\Carles\.stmcufinder\plugins\mcufinder/ => C:\Users\Carles\.stmcufinder\plugins\mcufinder
2020-05-26 18:30:57,918 [INFO] DbMcusDocs:92 - Set database path to: C:\Users\Carles\.stmcufinder\plugins\mcufinder//mcu/
2020-05-26 18:30:57,918 [WARN] DbFile:31 - Overriding database path with different value: C:\Users\Carles\.stmcufinder\plugins\mcufinder/ => C:\Users\Carles\.stmcufinder\plugins\mcufinder
2020-05-26 18:30:57,918 [INFO] DbMcusJson:59 - Set database path to: C:\Users\Carles\.stmcufinder\plugins\mcufinder//mcu/
2020-05-26 18:30:57,918 [WARN] DbFile:31 - Overriding database path with different value: C:\Users\Carles\.stmcufinder\plugins\mcufinder/ => C:\Users\Carles\.stmcufinder\plugins\mcufinder
2020-05-26 18:30:57,919 [INFO] DbBoardsDocs:84 - Set database path to: C:\Users\Carles\.stmcufinder\plugins\mcufinder//mcu/
2020-05-26 18:30:57,919 [WARN] DbFile:31 - Overriding database path with different value: C:\Users\Carles\.stmcufinder\plugins\mcufinder/ => C:\Users\Carles\.stmcufinder\plugins\mcufinder
2020-05-26 18:30:57,919 [INFO] DbBoardsJson:51 - Set database path to: C:\Users\Carles\.stmcufinder\plugins\mcufinder//mcu/
2020-05-26 18:30:57,919 [WARN] DbFile:31 - Overriding database path with different value: C:\Users\Carles\.stmcufinder\plugins\mcufinder/ => C:\Users\Carles\.stmcufinder\plugins\mcufinder
2020-05-26 18:30:57,920 [WARN] DbFile:31 - Overriding database path with different value: C:\Users\Carles\.stmcufinder\plugins\mcufinder/ => C:\Users\Carles\.stmcufinder\plugins\mcufinder
2020-05-26 18:30:57,920 [INFO] CrossReferenceDbSqlite:197 - Set database path to: C:\Users\Carles\.stmcufinder\plugins\mcufinder//mcu/cs/
2020-05-26 18:30:58,015 [INFO] ApplicationProperties:181 - Using Application install path: C:\ST\STM32CubeIDE_1.2.0\STM32CubeIDE\plugins\com.st.stm32cube.common.mx_5.5.0.201912201511
2020-05-26 18:30:58,017 [INFO] PluginManage:178 - Search for loadable plugins [exclusion list=]
2020-05-26 18:30:58,055 [INFO] PluginManage:292 - Check plugin analytics
2020-05-26 18:30:58,099 [INFO] PluginManage:342 - Loaded plugin analytics (category:tool,tabindex:-1)
2020-05-26 18:30:58,099 [INFO] PluginManage:292 - Check plugin clock
2020-05-26 18:30:58,149 [INFO] PluginManage:342 - Loaded plugin clock (category:base,tabindex:2)
2020-05-26 18:30:58,149 [INFO] PluginManage:292 - Check plugin ddr
2020-05-26 18:30:58,189 [INFO] PluginManage:342 - Loaded plugin ddr (category:tool,tabindex:6)
2020-05-26 18:30:58,190 [INFO] PluginManage:292 - Check plugin filemanager
2020-05-26 18:30:58,886 [INFO] PluginManage:342 - Loaded plugin filemanager (category:base,tabindex:10)
2020-05-26 18:30:58,887 [INFO] PluginManage:292 - Check plugin ipmanager
2020-05-26 18:30:58,913 [INFO] PluginManage:342 - Loaded plugin ipmanager (category:base,tabindex:5)
2020-05-26 18:30:58,913 [INFO] PluginManage:292 - Check plugin pinoutandconfiguration
2020-05-26 18:30:58,968 [INFO] PluginManage:342 - Loaded plugin pinoutandconfiguration (category:base,tabindex:1)
2020-05-26 18:30:58,969 [INFO] PluginManage:292 - Check plugin pinoutconfig
2020-05-26 18:30:59,112 [INFO] PluginManage:342 - Loaded plugin pinoutconfig (category:base,tabindex:0)
2020-05-26 18:30:59,112 [INFO] PluginManage:292 - Check plugin power
2020-05-26 18:30:59,247 [INFO] PluginManage:342 - Loaded plugin power (category:power,tabindex:4)
2020-05-26 18:30:59,247 [INFO] PluginManage:292 - Check plugin projectmanager
2020-05-26 18:30:59,284 [INFO] PluginManage:342 - Loaded plugin projectmanager (category:projectmanager,tabindex:3)
2020-05-26 18:30:59,284 [INFO] PluginManage:292 - Check plugin thirdparty
2020-05-26 18:30:59,644 [INFO] ThirdPartyDb:295 - Open Third Party DataBase File (C:/Users/Carles/.stm32cubemx/plugins/thirdparty/db/thirdparties_db.xml) : 158 ms. number of Sw pack : 17
2020-05-26 18:30:59,835 [INFO] PluginManage:342 - Loaded plugin thirdparty (category:base,tabindex:-1)
2020-05-26 18:30:59,836 [INFO] PluginManage:292 - Check plugin tools
2020-05-26 18:30:59,878 [INFO] PluginManage:342 - Loaded plugin tools (category:base,tabindex:7)
2020-05-26 18:30:59,878 [INFO] PluginManage:292 - Check plugin updater
2020-05-26 18:30:59,910 [INFO] PluginManage:342 - Loaded plugin updater (category:base,tabindex:12)
2020-05-26 18:30:59,911 [INFO] PluginManage:265 - PluginManage : Loaded plugins [12]
2020-05-26 18:31:01,213 [INFO] PinOutPanel:1399 - setPackage(No Configuration,No Configuration)
2020-05-26 18:31:01,987 [INFO] IPUIPlugin:65 - create IPUIPlugin
2020-05-26 18:31:01,987 [INFO] PluginManager:200 - loadIPPluginJar : add adc
2020-05-26 18:31:02,153 [INFO] IPUIPlugin:65 - create IPUIPlugin
2020-05-26 18:31:02,154 [INFO] PluginManager:200 - loadIPPluginJar : add aes
2020-05-26 18:31:02,260 [INFO] IPUIPlugin:65 - create IPUIPlugin
2020-05-26 18:31:02,261 [INFO] PluginManager:200 - loadIPPluginJar : add can
2020-05-26 18:31:02,317 [INFO] IPUIPlugin:65 - create IPUIPlugin
2020-05-26 18:31:02,318 [INFO] PluginManager:200 - loadIPPluginJar : add comp
2020-05-26 18:31:02,413 [INFO] IPUIPlugin:65 - create IPUIPlugin
2020-05-26 18:31:02,414 [INFO] PluginManager:200 - loadIPPluginJar : add cryp
2020-05-26 18:31:02,478 [INFO] IPUIPlugin:65 - create IPUIPlugin
2020-05-26 18:31:02,479 [INFO] PluginManager:200 - loadIPPluginJar : add dfsdm
2020-05-26 18:31:02,547 [INFO] IPUIPlugin:65 - create IPUIPlugin
2020-05-26 18:31:02,548 [INFO] PluginManager:200 - loadIPPluginJar : add dma
2020-05-26 18:31:02,581 [INFO] IPUIPlugin:65 - create IPUIPlugin
2020-05-26 18:31:02,582 [INFO] PluginManager:200 - loadIPPluginJar : add fatfs
2020-05-26 18:31:02,787 [INFO] IPUIPlugin:65 - create IPUIPlugin
2020-05-26 18:31:02,787 [INFO] PluginManager:200 - loadIPPluginJar : add fmc
2020-05-26 18:31:02,870 [INFO] IPUIPlugin:65 - create IPUIPlugin
2020-05-26 18:31:02,871 [INFO] PluginManager:200 - loadIPPluginJar : add freertos
2020-05-26 18:31:02,992 [INFO] IPUIPlugin:65 - create IPUIPlugin
2020-05-26 18:31:02,992 [INFO] PluginManager:200 - loadIPPluginJar : add genericplugin
2020-05-26 18:31:03,296 [INFO] IPUIPlugin:65 - create IPUIPlugin
2020-05-26 18:31:03,331 [INFO] PluginManager:200 - loadIPPluginJar : add gfxmmu
2020-05-26 18:31:03,409 [INFO] IPUIPlugin:65 - create IPUIPlugin
2020-05-26 18:31:03,409 [INFO] PluginManager:200 - loadIPPluginJar : add gfxsimulator
2020-05-26 18:31:03,723 [INFO] IPUIPlugin:65 - create IPUIPlugin
2020-05-26 18:31:03,724 [INFO] PluginManager:200 - loadIPPluginJar : add gic
2020-05-26 18:31:03,889 [INFO] IPUIPlugin:65 - create IPUIPlugin
2020-05-26 18:31:03,890 [INFO] PluginManager:200 - loadIPPluginJar : add gpio
2020-05-26 18:31:04,028 [INFO] IPUIPlugin:65 - create IPUIPlugin
2020-05-26 18:31:04,033 [INFO] PluginManager:200 - loadIPPluginJar : add gtzc
2020-05-26 18:31:04,167 [INFO] IPUIPlugin:65 - create IPUIPlugin
2020-05-26 18:31:04,167 [INFO] PluginManager:200 - loadIPPluginJar : add hash
2020-05-26 18:31:04,381 [INFO] IPUIPlugin:65 - create IPUIPlugin
2020-05-26 18:31:04,382 [INFO] PluginManager:200 - loadIPPluginJar : add i2c
2020-05-26 18:31:04,599 [INFO] IPUIPlugin:65 - create IPUIPlugin
2020-05-26 18:31:04,600 [INFO] PluginManager:200 - loadIPPluginJar : add i2s
2020-05-26 18:31:04,961 [INFO] IPUIPlugin:65 - create IPUIPlugin
2020-05-26 18:31:04,961 [INFO] PluginManager:200 - loadIPPluginJar : add ipddr
2020-05-26 18:31:05,133 [INFO] IPUIPlugin:65 - create IPUIPlugin
2020-05-26 18:31:05,134 [INFO] PluginManager:200 - loadIPPluginJar : add ltdc
2020-05-26 18:31:05,187 [INFO] IPUIPlugin:65 - create IPUIPlugin
2020-05-26 18:31:05,188 [INFO] PluginManager:200 - loadIPPluginJar : add mdma
2020-05-26 18:31:05,213 [INFO] IPUIPlugin:65 - create IPUIPlugin
2020-05-26 18:31:05,214 [INFO] PluginManager:200 - loadIPPluginJar : add nvic
2020-05-26 18:31:05,274 [INFO] IPUIPlugin:65 - create IPUIPlugin
2020-05-26 18:31:05,274 [INFO] PluginManager:200 - loadIPPluginJar : add opamp
2020-05-26 18:31:05,344 [INFO] IPUIPlugin:65 - create IPUIPlugin
2020-05-26 18:31:05,344 [INFO] PluginManager:200 - loadIPPluginJar : add pdm2pcm
2020-05-26 18:31:05,391 [INFO] IPUIPlugin:65 - create IPUIPlugin
2020-05-26 18:31:05,396 [INFO] PluginManager:200 - loadIPPluginJar : add plateformsettings
2020-05-26 18:31:05,462 [INFO] IPUIPlugin:65 - create IPUIPlugin
2020-05-26 18:31:05,463 [INFO] PluginManager:200 - loadIPPluginJar : add quadspi
2020-05-26 18:31:05,495 [INFO] IPUIPlugin:65 - create IPUIPlugin
2020-05-26 18:31:05,496 [INFO] PluginManager:200 - loadIPPluginJar : add resmgrutility
2020-05-26 18:31:05,568 [INFO] IPUIPlugin:65 - create IPUIPlugin
2020-05-26 18:31:05,568 [INFO] PluginManager:200 - loadIPPluginJar : add sai
2020-05-26 18:31:05,672 [INFO] IPUIPlugin:65 - create IPUIPlugin
2020-05-26 18:31:05,673 [INFO] PluginManager:200 - loadIPPluginJar : add spi
2020-05-26 18:31:05,736 [INFO] IPUIPlugin:65 - create IPUIPlugin
2020-05-26 18:31:05,737 [INFO] PluginManager:200 - loadIPPluginJar : add stm32_wpan
2020-05-26 18:31:05,786 [INFO] IPUIPlugin:65 - create IPUIPlugin
2020-05-26 18:31:05,787 [INFO] PluginManager:200 - loadIPPluginJar : add tim
2020-05-26 18:31:05,885 [INFO] IPUIPlugin:65 - create IPUIPlugin
2020-05-26 18:31:05,886 [INFO] PluginManager:200 - loadIPPluginJar : add touchsensing
2020-05-26 18:31:05,926 [INFO] IPUIPlugin:65 - create IPUIPlugin
2020-05-26 18:31:05,926 [INFO] PluginManager:200 - loadIPPluginJar : add tracer_emb
2020-05-26 18:31:05,963 [INFO] IPUIPlugin:65 - create IPUIPlugin
2020-05-26 18:31:05,964 [INFO] PluginManager:200 - loadIPPluginJar : add ts
2020-05-26 18:31:06,012 [INFO] IPUIPlugin:65 - create IPUIPlugin
2020-05-26 18:31:06,012 [INFO] PluginManager:200 - loadIPPluginJar : add tsc
2020-05-26 18:31:06,110 [INFO] IPUIPlugin:65 - create IPUIPlugin
2020-05-26 18:31:06,111 [INFO] PluginManager:200 - loadIPPluginJar : add ucpd
2020-05-26 18:31:06,190 [INFO] IPUIPlugin:65 - create IPUIPlugin
2020-05-26 18:31:06,191 [INFO] PluginManager:200 - loadIPPluginJar : add usart
2020-05-26 18:31:07,756 [INFO] BoardConnectionPanel:226 - [DDR PANEL] osNameString: Windows
2020-05-26 18:31:08,136 [INFO] BoardConnectionPanel:3472 - [DDR PANEL] STM32CubeIDE environment
2020-05-26 18:31:08,138 [INFO] MainDdrPanel:103 - [DDR PANEL] GETTER - cubeProgrammerPath is: null
2020-05-26 18:31:08,684 [FATAL] Updater:277 - Updater called before beeing initialized
2020-05-26 18:31:08,686 [ERROR] IntegrityCheckThread:252 - Cannot obtain thirdParties list 21
2020-05-26 18:31:08,686 [ERROR] IntegrityCheckThread:100 - Unexpected exception IntegrityCheckThread Thread: Updater error
2020-05-26 18:31:08,687 [INFO] ThirdPartyDb:261 - Close Third Party DataBase File (C:/Users/Carles/.stm32cubemx/plugins/thirdparty/db/thirdparties_db.xml)
2020-05-26 18:31:08,687 [FATAL] Updater:277 - Updater called before beeing initialized
2020-05-26 18:31:09,514 [FATAL] Updater:277 - Updater called before beeing initialized
2020-05-26 18:31:09,520 [INFO] PinOutPanel:1399 - setPackage(No Configuration,No Configuration)
2020-05-26 18:31:09,522 [FATAL] Updater:277 - Updater called before beeing initialized
2020-05-26 18:31:09,527 [INFO] BoardConnectionPanel:3472 - [DDR PANEL] STM32CubeIDE environment
2020-05-26 18:31:09,528 [INFO] MainDdrPanel:103 - [DDR PANEL] GETTER - cubeProgrammerPath is: C:\ST\STM32CubeIDE_1.2.0\STM32CubeIDE\plugins\com.st.stm32cube.ide.mcu.externaltools.cubeprogrammer.win32_1.1.0.201910081157\tools\bin
2020-05-26 18:31:09,544 [INFO] ProgrammerExecThread:148 - [ProgrammerAPI] CubeProgrammer command construction: C:\ST\STM32CubeIDE_1.2.0\STM32CubeIDE\plugins\com.st.stm32cube.ide.mcu.externaltools.cubeprogrammer.win32_1.1.0.201910081157\tools\bin\STM32_Programmer_CLI.exe -l
2020-05-26 18:31:14,669 [INFO] MainDdrPanel:93 - [DDR PANEL] SETTER - Set cubeProgrammerPath to: C:\ST\STM32CubeIDE_1.2.0\STM32CubeIDE\plugins\com.st.stm32cube.ide.mcu.externaltools.cubeprogrammer.win32_1.1.0.201910081157\tools\bin
2020-05-26 18:31:14,901 [INFO] Updater:886 - Updater Version found : 5.5.0
2020-05-26 18:31:15,028 [INFO] ApplicationProperties:181 - Using Application install path: C:\ST\STM32CubeIDE_1.2.0\STM32CubeIDE\plugins\com.st.stm32cube.common.mx_5.5.0.201912201511
2020-05-26 18:31:15,570 [INFO] MainUpdater:2230 - connection check result : 10
2020-05-26 18:31:15,571 [INFO] MainUpdater:236 - Updater Check For Update Now.
2020-05-26 18:31:15,572 [INFO] MicroXplorer:420 - Change Database Version : DB.5.0.50
2020-05-26 18:31:15,704 [INFO] CheckServerUpdateThread:92 - End of CheckServer Thread
2020-05-26 18:31:15,865 [INFO] MainUpdater:2230 - connection check result : 10
2020-05-26 18:31:15,866 [INFO] LogOutputStream:76 - [STDOUT_REDIRECT] Successfull proxy connection.
2020-05-26 18:31:17,200 [INFO] McuFinderGlobals:40 - Set McuFinder mode to 2 (CubeIDE integrated)
2020-05-26 18:31:17,242 [INFO] FinderPluginLoader:86 - Searching for filters in installed packs
2020-05-26 18:31:17,244 [INFO] DbMcusXml:107 - Load MCU database from C:\ST\STM32CubeIDE_1.2.0\STM32CubeIDE\plugins\com.st.stm32cube.common.mx_5.5.0.201912201511\\db\/mcu/families.xml
2020-05-26 18:31:18,976 [INFO] DbMcusJson:87 - JSON generation date=Thu Apr 30 13:50:56 CEST 2020 (1588247456)
2020-05-26 18:31:20,927 [INFO] DbMcus:192 - Found 1628 MCUs (1588 are supported by CubeMX, 1588 are visible in CubeMX)
2020-05-26 18:31:20,951 [INFO] ApiDb:158 - Load user favorites file C:\Users\Carles/.stm32cubeide/favorites.mcus.txt: 0 item(s)
2020-05-26 18:31:20,951 [INFO] ApiDb:163 - User favorites MCUs=[]
2020-05-26 18:31:20,951 [INFO] DbMcus:203 - Set 0 / 0 favorites MCUs
2020-05-26 18:31:22,244 [INFO] DbMcusAds:130 - JSON generation date=Thu Apr 30 15:50:56 CEST 2020 (1588254656)
2020-05-26 18:31:22,402 [INFO] ServerAccessManage:348 - Download File 
2020-05-26 18:31:22,426 [INFO] LoadUrlFilesThread:161 - End of LoadServerUrlFiles without Thread
2020-05-26 18:31:22,475 [INFO] McuDetailPanel:181 - Set advertising image to C:/Users/Carles/STM32Cube/Repository/\PR_STM32Cube_GitHub_0320_V1.png
2020-05-26 18:31:23,549 [INFO] ServerAccessManage:348 - Download File mcusDocs.json
2020-05-26 18:31:23,783 [INFO] LoadUrlFilesThread:134 - End of LoadUrlFiles Thread
2020-05-26 18:31:23,966 [INFO] ServerAccessManage:348 - Download File mcusFeaturesAndDescription.json
2020-05-26 18:31:27,931 [INFO] LoadUrlFilesThread:134 - End of LoadUrlFiles Thread
2020-05-26 18:31:28,044 [INFO] ServerAccessManage:348 - Download File mcusAds.json
2020-05-26 18:31:28,069 [INFO] LoadUrlFilesThread:134 - End of LoadUrlFiles Thread
2020-05-26 18:31:28,186 [INFO] ServerAccessManage:348 - Download File boardsDocs.json
2020-05-26 18:31:28,877 [INFO] LoadUrlFilesThread:134 - End of LoadUrlFiles Thread
2020-05-26 18:31:28,977 [INFO] ServerAccessManage:348 - Download File boards.json
2020-05-26 18:31:29,162 [INFO] LoadUrlFilesThread:134 - End of LoadUrlFiles Thread
2020-05-26 18:31:29,432 [INFO] ServerAccessManage:348 - Download File crdb.zip
2020-05-26 18:31:29,736 [INFO] FileExtend:225 - Unzip File : crdb.zip
2020-05-26 18:31:29,738 [INFO] FileExtend:240 - Standard Zip Deflate
2020-05-26 18:31:29,785 [INFO] LoadUrlFilesThread:134 - End of LoadUrlFiles Thread
2020-05-26 18:31:29,795 [INFO] DbMcusDocs:126 - JSON generation date=Wed May 20 17:34:35 CEST 2020 (1589988875)
2020-05-26 18:31:30,102 [INFO] DbMcusDocs:61 - Found 563 MCUs documents
2020-05-26 18:31:30,103 [INFO] ApiDb:186 - Save user favorites file C:\Users\Carles/.stm32cubeide/favorites.mcus.txt: 0 item(s)
2020-05-26 18:31:30,104 [INFO] ApiDb:191 - User favorites MCUs=[]
2020-05-26 18:31:30,104 [INFO] DbMcusXml:107 - Load MCU database from C:\ST\STM32CubeIDE_1.2.0\STM32CubeIDE\plugins\com.st.stm32cube.common.mx_5.5.0.201912201511\\db\/mcu/families.xml
2020-05-26 18:31:31,052 [INFO] DbMcusJson:87 - JSON generation date=Wed May 20 17:34:35 CEST 2020 (1589988875)
2020-05-26 18:31:32,226 [INFO] DbMcus:192 - Found 1628 MCUs (1588 are supported by CubeMX, 1588 are visible in CubeMX)
2020-05-26 18:31:32,227 [INFO] ApiDb:158 - Load user favorites file C:\Users\Carles/.stm32cubeide/favorites.mcus.txt: 0 item(s)
2020-05-26 18:31:32,227 [INFO] ApiDb:163 - User favorites MCUs=[]
2020-05-26 18:31:32,228 [INFO] DbMcus:203 - Set 0 / 0 favorites MCUs
2020-05-26 18:31:32,323 [INFO] McuFilterPanel:282 - Update 0 favorites MCUs
2020-05-26 18:31:32,675 [INFO] DbBoardsDocs:118 - JSON generation date=Wed May 20 17:34:35 CEST 2020 (1589988875)
2020-05-26 18:31:32,783 [INFO] DbBoardsPdsc:92 - Found 21 items
2020-05-26 18:31:32,814 [INFO] DbBoardsPdsc:92 - Found 9 items
2020-05-26 18:31:32,857 [INFO] DbBoardsPdsc:92 - Found 27 items
2020-05-26 18:31:32,886 [INFO] DbBoardsPdsc:92 - Found 1 items
2020-05-26 18:31:32,953 [INFO] DbBoardsPdsc:92 - Found 40 items
2020-05-26 18:31:32,997 [INFO] DbBoardsPdsc:92 - Found 39 items
2020-05-26 18:31:33,027 [INFO] DbBoardsPdsc:92 - Found 2 items
2020-05-26 18:31:33,063 [INFO] DbBoardsPdsc:92 - Found 4 items
2020-05-26 18:31:33,072 [WARN] DbBoardsPdsc:256 - Board STM32H7B3I-DK: unknown feature type=Audio, name=, username=Audio stereo codec with Headphone Amp (CS42L51-CNZ), n=1
2020-05-26 18:31:33,073 [WARN] DbBoardsPdsc:256 - Board STM32H7B3I-DK: unknown feature type=WIFI, name=, username=WIFI 802.11 b/g/n, n=1
2020-05-26 18:31:33,076 [WARN] DbBoardsPdsc:256 - Board STM32H7B3I-EVAL: unknown feature type=Audio, name=, username=Multi-Channel Audio Codec (CS42L51-CNZ), n=1
2020-05-26 18:31:33,077 [WARN] DbBoardsPdsc:256 - Board STM32H7B3I-EVAL: unknown feature type=Meter, name=, username=Power-metering and Temperature-monitoring with sigma-delta modulators, n=1
2020-05-26 18:31:33,077 [WARN] DbBoardsPdsc:256 - Board STM32H7B3I-EVAL: unknown feature type=WIFI, name=, username=WIFI 802.11 a/b/g/n, n=1
2020-05-26 18:31:33,077 [WARN] DbBoardsPdsc:256 - Board STM32H7B3I-EVAL: unknown feature type=Motor, name=, username=Motor Control, n=1
2020-05-26 18:31:33,078 [WARN] DbBoardsPdsc:256 - Board STEVAL-IDP005V1: unknown feature type=PWRSock, name=Power Socket, username=IO-Link 4-position M12 A-coded connector, n=1
2020-05-26 18:31:33,079 [WARN] DbBoardsPdsc:256 - Board STEVAL-IDP005V2: unknown feature type=PWRSock, name=Power Socket, username=IO-Link 4-position M12 A-coded connector, n=1
2020-05-26 18:31:33,096 [INFO] DbBoardsJson:79 - JSON generation date=Wed May 20 13:36:55 CEST 2020 (1589974615)
2020-05-26 18:31:33,105 [INFO] DbBoards:120 - Found 144 boards (140 are supported by CubeMX)
2020-05-26 18:31:33,117 [INFO] DbBoardsDocs:118 - JSON generation date=Wed May 20 17:34:35 CEST 2020 (1589988875)
2020-05-26 18:31:33,146 [INFO] DbBoardsDocs:57 - Found 183 boards documents
2020-05-26 18:31:33,147 [WARN] DbBoards:130 - board NUCLEO-H743ZI2 has no document id list !
2020-05-26 18:31:33,149 [WARN] DbBoards:130 - board P-NUCLEO-WB55-Nucleo has no document id list !
2020-05-26 18:31:33,149 [WARN] DbBoards:130 - board P-NUCLEO-WB55-USBDongle has no document id list !
2020-05-26 18:31:33,150 [WARN] DbBoards:130 - board STM32F401C-DISCO has no document id list !
2020-05-26 18:31:33,151 [WARN] DbBoards:130 - board STM32F769I-DISC1 has no document id list !
2020-05-26 18:31:33,151 [WARN] DbBoards:130 - board STM32L-DISCOVERY has no document id list !
2020-05-26 18:31:33,152 [WARN] DbBoards:130 - board STM32H747I-DISC1 has no document id list !
2020-05-26 18:31:33,153 [WARN] DbBoards:130 - board STM32MP157A-DK1 has no document id list !
2020-05-26 18:31:33,154 [WARN] DbBoards:130 - board STM32H743I-EVAL2 has no document id list !
2020-05-26 18:31:33,154 [WARN] DbBoards:130 - board STM32H753I-EVAL2 has no document id list !
2020-05-26 18:31:33,155 [WARN] DbBoards:130 - board STM32G474E-EVAL1 has no document id list !
2020-05-26 18:31:33,155 [WARN] DbBoards:130 - board STEVAL-BFA001V1B has no document id list !
2020-05-26 18:31:33,155 [WARN] DbBoards:130 - board STEVAL-BFA001V2B has no document id list !
2020-05-26 18:31:33,155 [WARN] DbBoards:130 - board STEVAL-MKSBOX1V1 has no document id list !
2020-05-26 18:31:33,156 [WARN] DbBoards:130 - board STEVAL-STWINKT1 has no document id list !
2020-05-26 18:31:33,156 [WARN] DbBoards:130 - board STEVAL-IDP005V1 has no document id list !
2020-05-26 18:31:33,156 [WARN] DbBoards:130 - board STEVAL-IDP005V2 has no document id list !
2020-05-26 18:31:34,223 [ERROR] DbBoards:192 - Image file not found for board P-NUCLEO-WB55: C:\ST\STM32CubeIDE_1.2.0\STM32CubeIDE\plugins\com.st.stm32cube.common.mx_5.5.0.201912201511\\db\/plugins/mcufinder/images/boards/p-nucleo-wb55_small.jpg
2020-05-26 18:31:37,974 [INFO] ApiDb:158 - Load user favorites file C:\Users\Carles/.stm32cubeide/favorites.boards.txt: 0 item(s)
2020-05-26 18:31:37,974 [INFO] ApiDb:163 - User favorites Boards=[]
2020-05-26 18:31:37,975 [INFO] DbBoards:209 - Set 0 / 0 favorites Boards
2020-05-26 18:31:37,989 [INFO] DbBoardsDocs:57 - Found 366 boards documents
2020-05-26 18:31:37,990 [INFO] ApiDb:186 - Save user favorites file C:\Users\Carles/.stm32cubeide/favorites.boards.txt: 0 item(s)
2020-05-26 18:31:37,991 [INFO] ApiDb:191 - User favorites Boards=[]
2020-05-26 18:31:37,997 [INFO] DbBoardsPdsc:92 - Found 21 items
2020-05-26 18:31:38,004 [INFO] DbBoardsPdsc:92 - Found 9 items
2020-05-26 18:31:38,008 [INFO] DbBoardsPdsc:92 - Found 27 items
2020-05-26 18:31:38,011 [INFO] DbBoardsPdsc:92 - Found 1 items
2020-05-26 18:31:38,021 [INFO] DbBoardsPdsc:92 - Found 40 items
2020-05-26 18:31:38,032 [INFO] DbBoardsPdsc:92 - Found 39 items
2020-05-26 18:31:38,037 [INFO] DbBoardsPdsc:92 - Found 2 items
2020-05-26 18:31:38,041 [INFO] DbBoardsPdsc:92 - Found 4 items
2020-05-26 18:31:38,045 [WARN] DbBoardsPdsc:256 - Board STM32H7B3I-DK: unknown feature type=Audio, name=, username=Audio stereo codec with Headphone Amp (CS42L51-CNZ), n=1
2020-05-26 18:31:38,046 [WARN] DbBoardsPdsc:256 - Board STM32H7B3I-DK: unknown feature type=WIFI, name=, username=WIFI 802.11 b/g/n, n=1
2020-05-26 18:31:38,058 [WARN] DbBoardsPdsc:256 - Board STM32H7B3I-EVAL: unknown feature type=Audio, name=, username=Multi-Channel Audio Codec (CS42L51-CNZ), n=1
2020-05-26 18:31:38,058 [WARN] DbBoardsPdsc:256 - Board STM32H7B3I-EVAL: unknown feature type=Meter, name=, username=Power-metering and Temperature-monitoring with sigma-delta modulators, n=1
2020-05-26 18:31:38,058 [WARN] DbBoardsPdsc:256 - Board STM32H7B3I-EVAL: unknown feature type=WIFI, name=, username=WIFI 802.11 a/b/g/n, n=1
2020-05-26 18:31:38,059 [WARN] DbBoardsPdsc:256 - Board STM32H7B3I-EVAL: unknown feature type=Motor, name=, username=Motor Control, n=1
2020-05-26 18:31:38,060 [WARN] DbBoardsPdsc:256 - Board STEVAL-IDP005V1: unknown feature type=PWRSock, name=Power Socket, username=IO-Link 4-position M12 A-coded connector, n=1
2020-05-26 18:31:38,061 [WARN] DbBoardsPdsc:256 - Board STEVAL-IDP005V2: unknown feature type=PWRSock, name=Power Socket, username=IO-Link 4-position M12 A-coded connector, n=1
2020-05-26 18:31:38,128 [INFO] DbBoardsJson:79 - JSON generation date=Wed May 20 13:36:55 CEST 2020 (1589974615)
2020-05-26 18:31:38,145 [INFO] DbBoards:120 - Found 144 boards (140 are supported by CubeMX)
2020-05-26 18:31:38,147 [WARN] DbBoards:130 - board NUCLEO-H743ZI2 has no document id list !
2020-05-26 18:31:38,163 [WARN] DbBoards:130 - board P-NUCLEO-WB55-Nucleo has no document id list !
2020-05-26 18:31:38,163 [WARN] DbBoards:130 - board P-NUCLEO-WB55-USBDongle has no document id list !
2020-05-26 18:31:38,164 [WARN] DbBoards:130 - board STM32F401C-DISCO has no document id list !
2020-05-26 18:31:38,164 [WARN] DbBoards:130 - board STM32F769I-DISC1 has no document id list !
2020-05-26 18:31:38,168 [WARN] DbBoards:130 - board STM32L-DISCOVERY has no document id list !
2020-05-26 18:31:38,168 [WARN] DbBoards:130 - board STM32H747I-DISC1 has no document id list !
2020-05-26 18:31:38,169 [WARN] DbBoards:130 - board STM32MP157A-DK1 has no document id list !
2020-05-26 18:31:38,170 [WARN] DbBoards:130 - board STM32H743I-EVAL2 has no document id list !
2020-05-26 18:31:38,170 [WARN] DbBoards:130 - board STM32H753I-EVAL2 has no document id list !
2020-05-26 18:31:38,171 [WARN] DbBoards:130 - board STM32G474E-EVAL1 has no document id list !
2020-05-26 18:31:38,171 [WARN] DbBoards:130 - board STEVAL-BFA001V1B has no document id list !
2020-05-26 18:31:38,172 [WARN] DbBoards:130 - board STEVAL-BFA001V2B has no document id list !
2020-05-26 18:31:38,172 [WARN] DbBoards:130 - board STEVAL-MKSBOX1V1 has no document id list !
2020-05-26 18:31:38,173 [WARN] DbBoards:130 - board STEVAL-STWINKT1 has no document id list !
2020-05-26 18:31:38,173 [WARN] DbBoards:130 - board STEVAL-IDP005V1 has no document id list !
2020-05-26 18:31:38,173 [WARN] DbBoards:130 - board STEVAL-IDP005V2 has no document id list !
2020-05-26 18:31:38,616 [ERROR] DbBoards:192 - Image file not found for board P-NUCLEO-WB55: C:\ST\STM32CubeIDE_1.2.0\STM32CubeIDE\plugins\com.st.stm32cube.common.mx_5.5.0.201912201511\\db\/plugins/mcufinder/images/boards/p-nucleo-wb55_small.jpg
2020-05-26 18:31:39,491 [INFO] ApiDb:158 - Load user favorites file C:\Users\Carles/.stm32cubeide/favorites.boards.txt: 0 item(s)
2020-05-26 18:31:39,491 [INFO] ApiDb:163 - User favorites Boards=[]
2020-05-26 18:31:39,491 [INFO] DbBoards:209 - Set 0 / 0 favorites Boards
2020-05-26 18:31:39,774 [INFO] LoadUrlFilesThread:161 - End of LoadServerUrlFiles without Thread
2020-05-26 18:31:39,789 [INFO] McuFilterPanel:282 - Update 0 favorites MCUs
2020-05-26 18:31:40,172 [INFO] LoadUrlFilesThread:161 - End of LoadServerUrlFiles without Thread
2020-05-26 18:31:40,172 [INFO] BoardDetailPanel:179 - Set advertising image to C:/Users/Carles/STM32Cube/Repository/\PR_STM32Cube_GitHub_0320_V1.png
2020-05-26 18:31:40,252 [INFO] BoardFilterPanel:211 - Update 0 favorites Boards
2020-05-26 18:31:40,683 [INFO] CrossSelectorPresenter:1319 - Cross Selector saved comparison directory: C:\Users\Carles\.stmcufinder\plugins\mcufinder\mcu\cs_comparisons_mx
2020-05-26 18:33:07,921 [INFO] MainUpdater:2230 - connection check result : 10
2020-05-26 18:33:08,192 [INFO] CheckServerUpdateThread:92 - End of CheckServer Thread
2020-05-26 18:33:12,106 [INFO] ServerAccessManage:348 - Download File updaters.zip
2020-05-26 18:33:12,275 [INFO] FileExtend:225 - Unzip File : updaters.zip
2020-05-26 18:33:12,276 [INFO] FileExtend:240 - Standard Zip Deflate
2020-05-26 18:33:15,589 [INFO] ServerAccessManage:348 - Download File PacksControlFlags.xml
2020-05-26 18:33:15,724 [INFO] ServerAccessManage:348 - Download File cubemx.pidx
2020-05-26 18:33:16,079 [INFO] LoadServerUpdatesThread:301 - End of LoadServerUpdate Thread
2020-05-26 18:33:16,128 [INFO] CheckServerUpdateThread:92 - End of CheckServer Thread
2020-05-26 18:33:38,642 [INFO] MainUpdater:2230 - connection check result : 10
2020-05-26 18:33:38,808 [INFO] CheckServerUpdateThread:92 - End of CheckServer Thread
2020-05-26 18:33:40,479 [INFO] ServerAccessManage:348 - Download File updaters.zip
2020-05-26 18:33:40,581 [INFO] FileExtend:225 - Unzip File : updaters.zip
2020-05-26 18:33:40,582 [INFO] FileExtend:240 - Standard Zip Deflate
2020-05-26 18:33:41,317 [INFO] ServerAccessManage:348 - Download File PacksControlFlags.xml
2020-05-26 18:33:41,386 [INFO] ServerAccessManage:348 - Download File cubemx.pidx
2020-05-26 18:33:41,446 [INFO] LoadServerUpdatesThread:301 - End of LoadServerUpdate Thread
2020-05-26 18:33:41,488 [INFO] CheckServerUpdateThread:92 - End of CheckServer Thread
2020-05-26 19:20:55,911 [INFO] Activator:176 - 


2020-05-26 19:20:56,016 [INFO] Activator:177 - !SESSION log4j initialized
